<?xml version="1.0" encoding="UTF-8"?>
<beans xmlns="http://www.springframework.org/schema/beans" xmlns:camel="http://camel.apache.org/schema/spring"
	xmlns:xsi="http://www.w3.org/2001/XMLSchema-instance" xmlns:util="http://www.springframework.org/schema/util"
	xmlns:cxf="http://camel.apache.org/schema/cxf" xmlns:context="http://www.springframework.org/schema/context"
	xsi:schemaLocation="http://cxf.apache.org/transports/camel http://cxf.apache.org/transports/camel.xsd
		http://camel.apache.org/schema/cxf http://camel.apache.org/schema/cxf/camel-cxf-2.15.1-spring.xsd
		http://www.springframework.org/schema/beans http://www.springframework.org/schema/beans/spring-beans.xsd
		http://www.springframework.org/schema/context http://www.springframework.org/schema/context/spring-context-4.1.xsd
		http://camel.apache.org/schema/spring http://camel.apache.org/schema/spring/camel-spring.xsd
		http://www.springframework.org/schema/util http://www.springframework.org/schema/util/spring-util-4.1.xsd">

	<cxf:cxfEndpoint id="testEndpoint" address="/SampleService" xmlns:tst="http://www.example.org/test/"
		serviceName="tst:testService" endpointName="tst:testSOAPPort" wsdlURL="classpath:sla/test.wsdl">
		<cxf:properties>
			<entry key="dataFormat" value="PAYLOAD" />
			<!-- <entry key="schema-validation-enabled" value="true" /> -->
		</cxf:properties>
	</cxf:cxfEndpoint>

    <cxf:cxfEndpoint id="aEndpoint" address="${a.endpoint}" xmlns:tst="http://www.example.org/test/"
		serviceName="tst:testService" endpointName="tst:testSOAPPort" >
		<cxf:properties>
			<entry key="dataFormat" value="PAYLOAD" />
		</cxf:properties>
	</cxf:cxfEndpoint>
	<cxf:cxfEndpoint id="bEndpoint" address="${b.endpoint}" xmlns:tst="http://www.example.org/test/"
		serviceName="tst:testService" endpointName="tst:testSOAPPort" >
		<cxf:properties>
			<entry key="dataFormat" value="PAYLOAD" />
		</cxf:properties>
	</cxf:cxfEndpoint>
	<cxf:cxfEndpoint id="cEndpoint" address="${c.endpoint}" xmlns:tst="http://www.example.org/test/"
		serviceName="tst:testService" endpointName="tst:testSOAPPort" >
		<cxf:properties>
			<entry key="dataFormat" value="PAYLOAD" />
		</cxf:properties>
	</cxf:cxfEndpoint>
</beans>
